<?xml version="1.0" encoding="UTF-8"?>
<!-- Generated by org.testng.reporters.JUnitReportReporter -->
<testsuite skipped="0" hostname="DESKTOP-IELBS6Q" name="demo.Calculator" tests="4" failures="0" timestamp="24 May 2022 06:37:13 GMT" time="3.880" errors="0">
  <testcase name="Division" time="0.767" classname="demo.Calculator"/>
  <testcase name="Addition" time="0.985" classname="demo.Calculator"/>
  <testcase name="Multiplication" time="0.585" classname="demo.Calculator"/>
  <testcase name="Subtraction" time="1.543" classname="demo.Calculator"/>
</testsuite> <!-- demo.Calculator -->
